<?xml version="1.0" encoding="UTF-8"?>
<!-- Generated by org.testng.reporters.JUnitReportReporter -->
<testsuite hostname="0716RDNAB13" failures="0" tests="1" name="testcases.TC003NRegister" time="1.267" errors="0" timestamp="28 Jan 2022 19:23:07 GMT" skipped="0">
  <testcase classname="testcases.TC003NRegister" name="verifyRegister1" time="1.267"/>
</testsuite> <!-- testcases.TC003NRegister -->
