<?xml version="1.0" encoding="UTF-8"?>
<!-- Generated by org.testng.reporters.JUnitReportReporter -->
<testsuite skipped="0" hostname="DESKTOP-TFJH4KN" name="testcases.DataDriven" tests="2" failures="0" timestamp="12 Feb 2022 14:15:01 GMT" time="2.274" errors="0">
  <testcase name="testcaseData" time="1.210" classname="testcases.DataDriven"/>
  <testcase name="testcaseData" time="1.064" classname="testcases.DataDriven"/>
</testsuite> <!-- testcases.DataDriven -->
