<?xml version="1.0" encoding="UTF-8"?>
<!-- Generated by org.testng.reporters.JUnitReportReporter -->
<testsuite hostname="0716RDNAB13" failures="0" tests="3" name="testcases.TC004Login" time="3.626" errors="0" timestamp="28 Jan 2022 19:33:52 GMT" skipped="0">
  <testcase classname="testcases.TC004Login" name="verifyLogin1" time="1.010"/>
  <testcase classname="testcases.TC004Login" name="verifyLogin2" time="1.138"/>
  <testcase classname="testcases.TC004Login" name="verifyLogin" time="1.478"/>
</testsuite> <!-- testcases.TC004Login -->
