<?xml version="1.0" encoding="UTF-8"?>
<!-- Generated by org.testng.reporters.JUnitReportReporter -->
<testsuite hostname="0716RDNAB13" failures="0" tests="1" name="testcases.TC001MyAccount" time="0.482" errors="0" timestamp="10 Feb 2022 21:06:34 GMT" skipped="0">
  <testcase classname="testcases.TC001MyAccount" name="openLoginPage" time="0.482"/>
</testsuite> <!-- testcases.TC001MyAccount -->
