<?xml version="1.0" encoding="UTF-8"?>
<!-- Generated by org.testng.reporters.JUnitReportReporter -->
<testsuite hostname="0716RDNAB13" failures="0" tests="1" name="testcases.TC001Login" time="0.504" errors="0" timestamp="25 Jan 2022 19:59:59 GMT" skipped="0">
  <testcase classname="testcases.TC001Login" name="VerifyLogin" time="0.504"/>
</testsuite> <!-- testcases.TC001Login -->
