<?xml version="1.0" encoding="UTF-8"?>
<!-- Generated by org.testng.reporters.JUnitReportReporter -->
<testsuite skipped="0" hostname="DESKTOP-TFJH4KN" name="testcases.TC002Register" tests="2" failures="0" timestamp="12 Feb 2022 13:47:11 GMT" time="2.779" errors="0">
  <testcase name="verifyRegister" time="1.285" classname="testcases.TC002Register"/>
  <testcase name="verifyRegister1" time="1.494" classname="testcases.TC002Register"/>
</testsuite> <!-- testcases.TC002Register -->
