<?xml version="1.0" encoding="UTF-8"?>
<!-- Generated by org.testng.reporters.JUnitReportReporter -->
<testsuite skipped="0" hostname="DESKTOP-TFJH4KN" name="testcases.TC003Login" tests="3" failures="0" timestamp="12 Feb 2022 12:36:03 GMT" time="3.606" errors="0">
  <testcase name="verifyLogin1" time="1.130" classname="testcases.TC003Login"/>
  <testcase name="verifyLogin2" time="1.094" classname="testcases.TC003Login"/>
  <testcase name="verifyLogin" time="1.382" classname="testcases.TC003Login"/>
</testsuite> <!-- testcases.TC003Login -->
