<?xml version="1.0" encoding="UTF-8"?>
<!-- Generated by org.testng.reporters.JUnitReportReporter -->
<testsuite skipped="0" hostname="DESKTOP-TFJH4KN" name="testcases.TC003Login" tests="3" failures="0" timestamp="12 Feb 2022 06:26:38 GMT" time="3.790" errors="0">
  <testcase name="verifyLogin1" time="1.143" classname="testcases.TC003Login"/>
  <testcase name="verifyLogin2" time="1.186" classname="testcases.TC003Login"/>
  <testcase name="verifyLogin" time="1.461" classname="testcases.TC003Login"/>
</testsuite> <!-- testcases.TC003Login -->
