<?xml version="1.0" encoding="UTF-8"?>
<!-- Generated by org.testng.reporters.JUnitReportReporter -->
<testsuite skipped="0" hostname="DESKTOP-TFJH4KN" name="testcases.TC001MyAccount" tests="1" failures="0" timestamp="12 Feb 2022 13:09:06 GMT" time="0.541" errors="0">
  <testcase name="openLoginPage" time="0.541" classname="testcases.TC001MyAccount"/>
</testsuite> <!-- testcases.TC001MyAccount -->
