<?xml version="1.0" encoding="UTF-8"?>
<!-- Generated by org.testng.reporters.JUnitReportReporter -->
<testsuite skipped="0" hostname="DESKTOP-TFJH4KN" name="testcases.DataDriven" tests="2" failures="0" timestamp="12 Feb 2022 14:17:55 GMT" time="2.196" errors="0">
  <testcase name="testcaseData" time="1.125" classname="testcases.DataDriven"/>
  <testcase name="testcaseData" time="1.071" classname="testcases.DataDriven"/>
</testsuite> <!-- testcases.DataDriven -->
