<?xml version="1.0" encoding="UTF-8"?>
<!-- Generated by org.testng.reporters.JUnitReportReporter -->
<testsuite skipped="0" hostname="DESKTOP-TFJH4KN" name="testcases.TC002Register" tests="2" failures="0" timestamp="12 Feb 2022 14:17:55 GMT" time="2.987" errors="0">
  <testcase name="verifyRegister" time="1.602" classname="testcases.TC002Register"/>
  <testcase name="verifyRegister1" time="1.385" classname="testcases.TC002Register"/>
</testsuite> <!-- testcases.TC002Register -->
